<?xml version="1.0" encoding="UTF-8"?>
<!-- Generated by org.testng.reporters.JUnitReportReporter -->
<testsuite hostname="DESKTOP-84O2LCD" failures="0" tests="2" name="p19_09_2022.UvodTestNg" time="0.027" errors="0" timestamp="2022-09-19T18:52:16 CEST" skipped="0">
  <testcase classname="p19_09_2022.UvodTestNg" name="search" time="0.012"/>
  <system-out/>
  <testcase classname="p19_09_2022.UvodTestNg" name="openHomePage" time="0.015"/>
  <system-out/>
</testsuite> <!-- p19_09_2022.UvodTestNg -->
