<?xml version="1.0" encoding="UTF-8"?>
<!-- Generated by org.testng.reporters.JUnitReportReporter -->
<testsuite hostname="DESKTOP-84O2LCD" failures="0" tests="3" name="d20_09_2022_tests.AutomationPracticeTests" time="87.298" errors="0" timestamp="2022-09-23T18:26:17 CEST" skipped="0">
  <testcase classname="d20_09_2022_tests.AutomationPracticeTests" name="topMenuMouseOver" time="18.645"/>
  <system-out/>
  <testcase classname="d20_09_2022_tests.AutomationPracticeTests" name="phoneNumberVisibilityCheckOnResize" time="28.915"/>
  <system-out/>
  <testcase classname="d20_09_2022_tests.AutomationPracticeTests" name="headerLinksCheck" time="39.738"/>
  <system-out/>
</testsuite> <!-- d20_09_2022_tests.AutomationPracticeTests -->
