<?xml version="1.0" encoding="UTF-8"?>
<!-- Generated by org.testng.reporters.JUnitReportReporter -->
<testsuite hostname="DESKTOP-84O2LCD" failures="0" tests="3" name="d19_09_2022.BootstrapTableTests" time="22.020" errors="0" timestamp="2022-09-20T18:17:05 CEST" skipped="0">
  <testcase classname="d19_09_2022.BootstrapTableTests" name="EditRow" time="4.031"/>
  <system-out/>
  <testcase classname="d19_09_2022.BootstrapTableTests" name="DeleteRow" time="14.828"/>
  <system-out/>
  <testcase classname="d19_09_2022.BootstrapTableTests" name="TakeAScreenshot" time="3.161"/>
  <system-out/>
</testsuite> <!-- d19_09_2022.BootstrapTableTests -->
