<?xml version="1.0" encoding="UTF-8"?>
<!-- Generated by org.testng.reporters.JUnitReportReporter -->
<testsuite hostname="DESKTOP-84O2LCD" failures="0" tests="3" name="p19_09_2022.KatalonLoginTests" time="11.046" errors="0" timestamp="2022-09-19T21:36:19 CEST" skipped="0">
  <testcase classname="p19_09_2022.KatalonLoginTests" name="CheckInputTypes" time="3.352"/>
  <system-out/>
  <testcase classname="p19_09_2022.KatalonLoginTests" name="VisitLoginPageFromNavBar" time="2.320"/>
  <system-out/>
  <testcase classname="p19_09_2022.KatalonLoginTests" name="DisplayErrorWhenCredentialsAreWrong" time="5.374"/>
  <system-out/>
</testsuite> <!-- p19_09_2022.KatalonLoginTests -->
